<?xml version="1.0" encoding="UTF-8"?>
<!-- Generated by org.testng.reporters.JUnitXMLReporter -->
<testsuite hostname="LAPTOP-S0433K5K" ignored="0" name="Default test(failed)" tests="3" failures="0" timestamp="2020-09-12T23:03:25 IST" time="109.584" errors="0">
  <testcase name="homePageTitleTest" time="8.513" classname="com.crm.test.HomePageTest"/>
  <testcase name="contactsPagemaleTest" time="25.595" classname="com.crm.test.HomePageTest"/>
  <testcase name="contactsPagefemaleTest" time="14.182" classname="com.crm.test.HomePageTest"/>
</testsuite> <!-- Default test(failed) -->
