<?xml version="1.0" encoding="UTF-8"?>
<!-- Generated by org.testng.reporters.JUnitXMLReporter -->
<testsuite hostname="LAPTOP-S0433K5K" ignored="0" name="Free Crm Test" tests="3" failures="0" timestamp="2020-07-25T22:17:52 IST" time="34.949" errors="0">
  <testcase name="homePageTitleTest" time="13.608" classname="com.crm.test.HomePageTest"/>
  <testcase name="contactsPagemaleTest" time="0.0" classname="com.crm.test.HomePageTest">
    <skipped/>
  </testcase> <!-- contactsPagemaleTest -->
  <testcase name="contactsPagefemaleTest" time="0.0" classname="com.crm.test.HomePageTest">
    <skipped/>
  </testcase> <!-- contactsPagefemaleTest -->
</testsuite> <!-- Free Crm Test -->
