<?xml version="1.0" encoding="UTF-8"?>
<testng-results skipped="0" failed="0" ignored="0" total="1" passed="1">
  <reporter-output>
  </reporter-output>
  <suite name="Default suite" duration-ms="1217" started-at="2020-07-22T19:23:13 IST" finished-at="2020-07-22T19:23:14 IST">
    <groups>
    </groups>
    <test name="Default test" duration-ms="1217" started-at="2020-07-22T19:23:13 IST" finished-at="2020-07-22T19:23:14 IST">
      <class name="Sampletest">
        <test-method status="PASS" signature="test1()[pri:0, instance:Sampletest@22a67b4]" name="test1" duration-ms="1177" started-at="2020-07-22T19:23:13 IST" finished-at="2020-07-22T19:23:14 IST">
          <reporter-output>
          </reporter-output>
        </test-method> <!-- test1 -->
      </class> <!-- Sampletest -->
    </test> <!-- Default test -->
  </suite> <!-- Default suite -->
</testng-results>
