<?xml version="1.0" encoding="UTF-8"?>
<!-- Generated by org.testng.reporters.JUnitXMLReporter -->
<testsuite hostname="LAPTOP-S0433K5K" ignored="1" name="Default test" tests="1" failures="0" timestamp="2020-06-21T21:11:11 IST" time="36.986" errors="0">
  <testcase name="homePageTitleTest" time="16.785" classname="com.qa.crm.tests.HomePage1Test"/>
  <testcase name="verifyHomePageHeaderTest" time="0.0" classname="com.qa.crm.tests.HomePage1Test">
    <ignored/>
  </testcase> <!-- verifyHomePageHeaderTest -->
</testsuite> <!-- Default test -->
