<?xml version="1.0" encoding="UTF-8"?>
<testng-results skipped="0" failed="0" ignored="0" total="2" passed="2">
  <reporter-output>
  </reporter-output>
  <suite name="Default suite" duration-ms="17" started-at="2022-10-25T23:26:57 IST" finished-at="2022-10-25T23:26:57 IST">
    <groups>
    </groups>
    <test name="Default test" duration-ms="17" started-at="2022-10-25T23:26:57 IST" finished-at="2022-10-25T23:26:57 IST">
      <class name="com.test.TestNGBasic">
        <test-method status="PASS" signature="setUp()[pri:0, instance:com.test.TestNGBasic@61009542]" name="setUp" is-config="true" duration-ms="0" started-at="2022-10-25T23:26:57 IST" finished-at="2022-10-25T23:26:57 IST">
          <reporter-output>
          </reporter-output>
        </test-method> <!-- setUp -->
        <test-method status="PASS" signature="launchBrowser()[pri:0, instance:com.test.TestNGBasic@61009542]" name="launchBrowser" is-config="true" duration-ms="1" started-at="2022-10-25T23:26:57 IST" finished-at="2022-10-25T23:26:57 IST">
          <reporter-output>
          </reporter-output>
        </test-method> <!-- launchBrowser -->
        <test-method status="PASS" signature="login()[pri:0, instance:com.test.TestNGBasic@61009542]" name="login" is-config="true" duration-ms="0" started-at="2022-10-25T23:26:57 IST" finished-at="2022-10-25T23:26:57 IST">
          <reporter-output>
          </reporter-output>
        </test-method> <!-- login -->
        <test-method status="PASS" signature="logOut()[pri:0, instance:com.test.TestNGBasic@61009542]" name="logOut" is-config="true" duration-ms="0" started-at="2022-10-25T23:26:57 IST" finished-at="2022-10-25T23:26:57 IST">
          <reporter-output>
          </reporter-output>
        </test-method> <!-- logOut -->
        <test-method status="PASS" signature="closeBrowser()[pri:0, instance:com.test.TestNGBasic@61009542]" name="closeBrowser" is-config="true" duration-ms="0" started-at="2022-10-25T23:26:57 IST" finished-at="2022-10-25T23:26:57 IST">
          <reporter-output>
          </reporter-output>
        </test-method> <!-- closeBrowser -->
        <test-method status="PASS" signature="googleTitleTest()[pri:0, instance:com.test.TestNGBasic@61009542]" name="googleTitleTest" duration-ms="0" started-at="2022-10-25T23:26:57 IST" finished-at="2022-10-25T23:26:57 IST">
          <reporter-output>
          </reporter-output>
        </test-method> <!-- googleTitleTest -->
        <test-method status="PASS" signature="logOut()[pri:0, instance:com.test.TestNGBasic@61009542]" name="logOut" is-config="true" duration-ms="0" started-at="2022-10-25T23:26:57 IST" finished-at="2022-10-25T23:26:57 IST">
          <reporter-output>
          </reporter-output>
        </test-method> <!-- logOut -->
        <test-method status="PASS" signature="deleteAllCookies()[pri:0, instance:com.test.TestNGBasic@61009542]" name="deleteAllCookies" is-config="true" duration-ms="0" started-at="2022-10-25T23:26:57 IST" finished-at="2022-10-25T23:26:57 IST">
          <reporter-output>
          </reporter-output>
        </test-method> <!-- deleteAllCookies -->
        <test-method status="PASS" signature="searchTest()[pri:0, instance:com.test.TestNGBasic@61009542]" name="searchTest" duration-ms="0" started-at="2022-10-25T23:26:57 IST" finished-at="2022-10-25T23:26:57 IST">
          <reporter-output>
          </reporter-output>
        </test-method> <!-- searchTest -->
        <test-method status="PASS" signature="enterURL()[pri:0, instance:com.test.TestNGBasic@61009542]" name="enterURL" is-config="true" duration-ms="0" started-at="2022-10-25T23:26:57 IST" finished-at="2022-10-25T23:26:57 IST">
          <reporter-output>
          </reporter-output>
        </test-method> <!-- enterURL -->
        <test-method status="PASS" signature="enterURL()[pri:0, instance:com.test.TestNGBasic@61009542]" name="enterURL" is-config="true" duration-ms="0" started-at="2022-10-25T23:26:57 IST" finished-at="2022-10-25T23:26:57 IST">
          <reporter-output>
          </reporter-output>
        </test-method> <!-- enterURL -->
        <test-method status="PASS" signature="generateTestReport()[pri:0, instance:com.test.TestNGBasic@61009542]" name="generateTestReport" is-config="true" duration-ms="0" started-at="2022-10-25T23:26:57 IST" finished-at="2022-10-25T23:26:57 IST">
          <reporter-output>
          </reporter-output>
        </test-method> <!-- generateTestReport -->
      </class> <!-- com.test.TestNGBasic -->
    </test> <!-- Default test -->
  </suite> <!-- Default suite -->
</testng-results>
