<?xml version="1.0" encoding="UTF-8"?>
<testng-results skipped="0" failed="0" ignored="0" total="2" passed="2">
  <reporter-output>
  </reporter-output>
  <suite name="Default suite" duration-ms="65558" started-at="2020-06-01T21:14:55 IST" finished-at="2020-06-01T21:16:01 IST">
    <groups>
    </groups>
    <test name="Default test" duration-ms="65558" started-at="2020-06-01T21:14:55 IST" finished-at="2020-06-01T21:16:01 IST">
      <class name="HashMapConcept.FreecrmTest">
        <test-method status="PASS" signature="setUp()[pri:0, instance:HashMapConcept.FreecrmTest@72b6cbcc]" name="setUp" is-config="true" duration-ms="29729" started-at="2020-06-01T21:14:55 IST" finished-at="2020-06-01T21:15:25 IST">
          <reporter-output>
          </reporter-output>
        </test-method> <!-- setUp -->
        <test-method status="PASS" signature="CostumerloginTest()[pri:1, instance:HashMapConcept.FreecrmTest@72b6cbcc]" name="CostumerloginTest" duration-ms="4220" started-at="2020-06-01T21:15:25 IST" finished-at="2020-06-01T21:15:29 IST">
          <reporter-output>
          </reporter-output>
        </test-method> <!-- CostumerloginTest -->
        <test-method status="PASS" signature="Quit()[pri:0, instance:HashMapConcept.FreecrmTest@72b6cbcc]" name="Quit" is-config="true" duration-ms="593" started-at="2020-06-01T21:15:29 IST" finished-at="2020-06-01T21:15:30 IST">
          <reporter-output>
          </reporter-output>
        </test-method> <!-- Quit -->
        <test-method status="PASS" signature="setUp()[pri:0, instance:HashMapConcept.FreecrmTest@72b6cbcc]" name="setUp" is-config="true" duration-ms="25790" started-at="2020-06-01T21:15:30 IST" finished-at="2020-06-01T21:15:56 IST">
          <reporter-output>
          </reporter-output>
        </test-method> <!-- setUp -->
        <test-method status="PASS" signature="adminTest()[pri:2, instance:HashMapConcept.FreecrmTest@72b6cbcc]" name="adminTest" duration-ms="4379" started-at="2020-06-01T21:15:56 IST" finished-at="2020-06-01T21:16:00 IST">
          <reporter-output>
          </reporter-output>
        </test-method> <!-- adminTest -->
        <test-method status="PASS" signature="Quit()[pri:0, instance:HashMapConcept.FreecrmTest@72b6cbcc]" name="Quit" is-config="true" duration-ms="796" started-at="2020-06-01T21:16:00 IST" finished-at="2020-06-01T21:16:01 IST">
          <reporter-output>
          </reporter-output>
        </test-method> <!-- Quit -->
      </class> <!-- HashMapConcept.FreecrmTest -->
    </test> <!-- Default test -->
  </suite> <!-- Default suite -->
</testng-results>
