<?xml version="1.0" encoding="UTF-8"?>
<!-- Generated by org.testng.reporters.JUnitXMLReporter -->
<testsuite hostname="LAPTOP-S0433K5K" ignored="1" name="crm test chrome " tests="1" failures="0" timestamp="2020-06-20T23:42:37 IST" time="30.843" errors="0">
  <testcase name="doLoginTest" time="11.268" classname="com.mytests.LoginTest"/>
  <testcase name="LoginPageTitleTest" time="0.0" classname="com.mytests.LoginTest">
    <ignored/>
  </testcase> <!-- LoginPageTitleTest -->
</testsuite> <!-- crm test chrome  -->
