<?xml version="1.0" encoding="UTF-8"?>
<testng-results skipped="0" failed="0" ignored="1" total="2" passed="1">
  <reporter-output>
  </reporter-output>
  <suite name="Default suite" duration-ms="36986" started-at="2020-06-21T21:10:34 IST" finished-at="2020-06-21T21:11:11 IST">
    <groups>
    </groups>
    <test name="Default test" duration-ms="36986" started-at="2020-06-21T21:10:34 IST" finished-at="2020-06-21T21:11:11 IST">
      <class name="com.qa.crm.tests.HomePage1Test">
        <test-method status="PASS" signature="setUp()[pri:0, instance:com.qa.crm.tests.HomePage1Test@4f063c0a]" name="setUp" is-config="true" duration-ms="19456" started-at="2020-06-21T21:10:34 IST" finished-at="2020-06-21T21:10:53 IST">
          <reporter-output>
          </reporter-output>
        </test-method> <!-- setUp -->
        <test-method status="PASS" signature="homePageTitleTest()[pri:1, instance:com.qa.crm.tests.HomePage1Test@4f063c0a]" name="homePageTitleTest" duration-ms="16785" started-at="2020-06-21T21:10:53 IST" finished-at="2020-06-21T21:11:10 IST">
          <reporter-output>
          </reporter-output>
        </test-method> <!-- homePageTitleTest -->
        <test-method status="PASS" signature="tearDown()[pri:0, instance:com.qa.crm.tests.HomePage1Test@4f063c0a]" name="tearDown" is-config="true" duration-ms="678" started-at="2020-06-21T21:11:10 IST" finished-at="2020-06-21T21:11:11 IST">
          <reporter-output>
          </reporter-output>
        </test-method> <!-- tearDown -->
      </class> <!-- com.qa.crm.tests.HomePage1Test -->
    </test> <!-- Default test -->
  </suite> <!-- Default suite -->
</testng-results>
