<?xml version="1.0" encoding="UTF-8"?>
<testng-results skipped="0" failed="0" ignored="0" total="1" passed="1">
  <reporter-output>
  </reporter-output>
  <suite name="Suite" duration-ms="57571" started-at="2022-06-27T23:01:54 IST" finished-at="2022-06-27T23:02:52 IST">
    <groups>
    </groups>
    <test name="Test1" duration-ms="57571" started-at="2022-06-27T23:01:54 IST" finished-at="2022-06-27T23:02:52 IST">
      <class name="mavenforjenkins.UITest">
        <test-method status="PASS" signature="startBrowser(java.lang.String)[pri:0, instance:mavenforjenkins.UITest@3327bd23]" name="startBrowser" duration-ms="57522" started-at="2022-06-27T23:01:54 IST" finished-at="2022-06-27T23:02:52 IST">
          <params>
            <param index="0">
              <value>
                <![CDATA[Edge]]>
              </value>
            </param>
          </params>
          <reporter-output>
          </reporter-output>
        </test-method> <!-- startBrowser -->
      </class> <!-- mavenforjenkins.UITest -->
    </test> <!-- Test1 -->
  </suite> <!-- Suite -->
</testng-results>
